05/01/2018 11:04:12 PM-INFO- ------- SelectFTP User login Interface -------
    1: user landing
    2: user registration
    3: user exit
    
05/01/2018 11:04:24 PM-INFO-User[xiaoyu] Register Success....
05/01/2018 11:04:24 PM-INFO-------[xiaoyu]operation command ------
    1: view all file
    2: uploading file
    3: download file
    4: exit operation
     
05/01/2018 11:04:56 PM-INFO- ------- SelectFTP User login Interface -------
    1: user landing
    2: user registration
    3: user exit
    
05/01/2018 11:05:08 PM-INFO-User[xiaoyu] login success....
05/01/2018 11:05:08 PM-INFO-------[xiaoyu]operation command ------
    1: view all file
    2: uploading file
    3: download file
    4: exit operation
     
05/01/2018 11:05:13 PM-INFO----- uploading file ----
05/01/2018 11:05:13 PM-INFO-1: Cloud_VNC.exe
05/01/2018 11:05:13 PM-INFO-2: empty
05/01/2018 11:05:13 PM-INFO-3: ip.txt
05/01/2018 11:05:18 PM-INFO-file upload success....
05/01/2018 11:05:18 PM-INFO-------[xiaoyu]operation command ------
    1: view all file
    2: uploading file
    3: download file
    4: exit operation
     
05/01/2018 11:05:37 PM-INFO----- downloading file ----
05/01/2018 11:05:37 PM-INFO-1£ºempty_file 
05/01/2018 11:05:37 PM-INFO-2£ºip.txt 
05/01/2018 11:16:57 PM-INFO- ------- SelectFTP User login Interface -------
    1: user landing
    2: user registration
    3: user exit
    
05/01/2018 11:17:04 PM-INFO-User[xiaoyu] login success....
05/01/2018 11:17:04 PM-INFO-------[xiaoyu]operation command ------
    0: view file
    1: uploading file
    2: download file
    3: exit operation
     
05/01/2018 11:19:37 PM-INFO- ------- SelectFTP User login Interface -------
    1: user landing
    2: user registration
    3: user exit
    
05/01/2018 11:28:16 PM-INFO- ------- SelectFTP User login Interface -------
    1: user landing
    2: user registration
    3: user exit
    
05/01/2018 11:29:03 PM-INFO-User[xiess] Register Success....
05/01/2018 11:29:03 PM-INFO-------[xiess]operation command ------
    1: uploading file
    2: download file
    3: exit operation
     
05/01/2018 11:29:28 PM-INFO- ------- SelectFTP User login Interface -------
    1: user landing
    2: user registration
    3: user exit
    
05/01/2018 11:30:09 PM-INFO-User[xiaoyu] login success....
05/01/2018 11:30:09 PM-INFO-------[xiaoyu]operation command ------
    1: uploading file
    2: download file
    3: exit operation
     
05/01/2018 11:30:13 PM-INFO----- uploading file ----
05/01/2018 11:30:13 PM-INFO-1: Cloud_VNC.exe
05/01/2018 11:30:13 PM-INFO-2: empty
05/01/2018 11:30:13 PM-INFO-3: ip.txt
05/01/2018 11:30:18 PM-INFO-file upload success....
05/01/2018 11:30:18 PM-INFO-------[xiaoyu]operation command ------
    1: uploading file
    2: download file
    3: exit operation
     
05/01/2018 11:31:45 PM-INFO- ------- SelectFTP User login Interface -------
    1: user landing
    2: user registration
    3: user exit
    
05/01/2018 11:32:19 PM-INFO-Exit SelectFTP Success....
05/01/2018 11:32:21 PM-INFO- ------- SelectFTP User login Interface -------
    1: user landing
    2: user registration
    3: user exit
    
05/01/2018 11:32:37 PM-INFO-User[xiaoyu] login success....
05/01/2018 11:32:37 PM-INFO-------[xiaoyu]operation command ------
    1: uploading file
    2: download file
    3: exit operation
     
05/01/2018 11:32:41 PM-INFO----- downloading file ----
05/01/2018 11:32:41 PM-INFO-1£ºempty 
05/01/2018 11:32:41 PM-INFO-2£ºempty_file 
05/01/2018 11:32:41 PM-INFO-3£ºip 
05/01/2018 11:32:44 PM-INFO-ready to start downloading files....
05/01/2018 11:32:46 PM-INFO-file downloading success....
05/01/2018 11:32:46 PM-INFO-------[xiaoyu]operation command ------
    1: uploading file
    2: download file
    3: exit operation
     
05/01/2018 11:33:37 PM-INFO- ------- SelectFTP User login Interface -------
    1: user landing
    2: user registration
    3: user exit
    
05/01/2018 11:33:40 PM-INFO-Exit SelectFTP Success....
